[couchdb:info,2022-01-13T14:01:42.974Z,couchdb_ns_1@cb.local:cb_couch_sup<0.139.0>:couch_log:info:41]Apache CouchDB has started on http://0.0.0.0:8092/
[couchdb:info,2022-01-13T14:02:42.766Z,couchdb_ns_1@cb.local:couch_query_logger<0.191.0>:couch_log:info:41]Query-Volume
---
[couchdb:info,2022-01-13T14:03:42.767Z,couchdb_ns_1@cb.local:couch_query_logger<0.191.0>:couch_log:info:41]Query-Volume
---
[couchdb:info,2022-01-13T14:04:25.344Z,couchdb_ns_1@cb.local:cb_couch_sup<0.143.0>:couch_log:info:41]Apache CouchDB has started on http://0.0.0.0:8092/
[couchdb:info,2022-01-13T14:05:25.168Z,couchdb_ns_1@cb.local:couch_query_logger<0.197.0>:couch_log:info:41]Query-Volume
---
[couchdb:info,2022-01-13T14:05:53.429Z,couchdb_ns_1@cb.local:cb_couch_sup<0.139.0>:couch_log:info:41]Apache CouchDB has started on http://0.0.0.0:8092/
[couchdb:info,2022-01-13T14:06:53.212Z,couchdb_ns_1@cb.local:couch_query_logger<0.193.0>:couch_log:info:41]Query-Volume
---
[couchdb:info,2022-01-13T14:09:59.848Z,couchdb_ns_1@cb.local:cb_couch_sup<0.142.0>:couch_log:info:41]Apache CouchDB has started on http://0.0.0.0:8092/
[couchdb:info,2022-01-13T14:10:59.636Z,couchdb_ns_1@cb.local:couch_query_logger<0.191.0>:couch_log:info:41]Query-Volume
---
[couchdb:info,2022-01-13T14:11:59.637Z,couchdb_ns_1@cb.local:couch_query_logger<0.191.0>:couch_log:info:41]Query-Volume
---
[couchdb:info,2022-01-13T14:12:59.638Z,couchdb_ns_1@cb.local:couch_query_logger<0.191.0>:couch_log:info:41]Query-Volume
---
[couchdb:info,2022-01-13T14:13:59.639Z,couchdb_ns_1@cb.local:couch_query_logger<0.191.0>:couch_log:info:41]Query-Volume
---
[couchdb:info,2022-01-13T14:14:59.640Z,couchdb_ns_1@cb.local:couch_query_logger<0.191.0>:couch_log:info:41]Query-Volume
---
[couchdb:info,2022-01-13T14:15:59.641Z,couchdb_ns_1@cb.local:couch_query_logger<0.191.0>:couch_log:info:41]Query-Volume
---
[couchdb:info,2022-01-13T14:16:59.642Z,couchdb_ns_1@cb.local:couch_query_logger<0.191.0>:couch_log:info:41]Query-Volume
---
[couchdb:info,2022-01-13T14:17:59.643Z,couchdb_ns_1@cb.local:couch_query_logger<0.191.0>:couch_log:info:41]Query-Volume
---
[couchdb:info,2022-01-13T14:18:59.644Z,couchdb_ns_1@cb.local:couch_query_logger<0.191.0>:couch_log:info:41]Query-Volume
---
[couchdb:info,2022-01-13T14:20:31.178Z,couchdb_ns_1@cb.local:cb_couch_sup<0.141.0>:couch_log:info:41]Apache CouchDB has started on http://0.0.0.0:8092/
[couchdb:info,2022-01-13T14:21:30.972Z,couchdb_ns_1@cb.local:couch_query_logger<0.195.0>:couch_log:info:41]Query-Volume
---
[couchdb:info,2022-01-13T14:22:30.973Z,couchdb_ns_1@cb.local:couch_query_logger<0.195.0>:couch_log:info:41]Query-Volume
---
[couchdb:info,2022-01-13T14:23:30.974Z,couchdb_ns_1@cb.local:couch_query_logger<0.195.0>:couch_log:info:41]Query-Volume
---
[couchdb:info,2022-01-13T14:24:40.705Z,couchdb_ns_1@cb.local:cb_couch_sup<0.139.0>:couch_log:info:41]Apache CouchDB has started on http://0.0.0.0:8092/
[couchdb:info,2022-01-13T14:26:35.876Z,couchdb_ns_1@cb.local:cb_couch_sup<0.139.0>:couch_log:info:41]Apache CouchDB has started on http://0.0.0.0:8092/
[couchdb:info,2022-01-13T14:27:35.669Z,couchdb_ns_1@cb.local:couch_query_logger<0.193.0>:couch_log:info:41]Query-Volume
---
[couchdb:info,2022-01-13T14:28:02.293Z,couchdb_ns_1@cb.local:<0.353.0>:couch_log:info:41]Deleting couch file "/opt/couchbase/var/lib/couchbase/data/test-bucket/master.couch.1.compact" with renaming it to "/opt/couchbase/var/lib/couchbase/data/.delete/b44341402a9ac1dc0782240c178cf775"
[couchdb:info,2022-01-13T14:28:02.300Z,couchdb_ns_1@cb.local:<0.353.0>:couch_log:info:41]Deleting couch file "/opt/couchbase/var/lib/couchbase/data/test-bucket/master.couch.1.compact" with renaming it to "/opt/couchbase/var/lib/couchbase/data/.delete/e5b094605e55b6d4dfcd57f38b19e638"
[couchdb:info,2022-01-13T14:28:02.360Z,couchdb_ns_1@cb.local:couch_view<0.240.0>:couch_log:info:41]Deleting couch file "/opt/couchbase/var/lib/couchbase/data/.test-bucket/master_temp" with renaming it to "/opt/couchbase/var/lib/couchbase/data/.delete/cf09132e4b325fa0ab12a3b73a33192c"
[couchdb:info,2022-01-13T14:28:02.383Z,couchdb_ns_1@cb.local:couch_view<0.240.0>:couch_log:info:41]Deleting couch file "/opt/couchbase/var/lib/couchbase/data/.test-bucket/master_temp" with renaming it to "/opt/couchbase/var/lib/couchbase/data/.delete/6da9b5b7036d58f5c78e4cc1151429c2"
[couchdb:info,2022-01-13T14:28:35.670Z,couchdb_ns_1@cb.local:couch_query_logger<0.193.0>:couch_log:info:41]Query-Volume
---
[couchdb:info,2022-01-13T14:29:35.671Z,couchdb_ns_1@cb.local:couch_query_logger<0.193.0>:couch_log:info:41]Query-Volume
---
[couchdb:info,2022-01-13T14:30:35.672Z,couchdb_ns_1@cb.local:couch_query_logger<0.193.0>:couch_log:info:41]Query-Volume
---
[couchdb:info,2022-01-13T14:31:35.673Z,couchdb_ns_1@cb.local:couch_query_logger<0.193.0>:couch_log:info:41]Query-Volume
---
[couchdb:info,2022-01-13T14:32:35.674Z,couchdb_ns_1@cb.local:couch_query_logger<0.193.0>:couch_log:info:41]Query-Volume
---
[couchdb:info,2022-01-13T14:33:35.675Z,couchdb_ns_1@cb.local:couch_query_logger<0.193.0>:couch_log:info:41]Query-Volume
---
[couchdb:info,2022-01-13T14:34:35.676Z,couchdb_ns_1@cb.local:couch_query_logger<0.193.0>:couch_log:info:41]Query-Volume
---
[couchdb:info,2022-01-13T14:35:35.677Z,couchdb_ns_1@cb.local:couch_query_logger<0.193.0>:couch_log:info:41]Query-Volume
---
[couchdb:info,2022-01-13T14:36:35.678Z,couchdb_ns_1@cb.local:couch_query_logger<0.193.0>:couch_log:info:41]Query-Volume
---
[couchdb:info,2022-01-13T14:37:35.679Z,couchdb_ns_1@cb.local:couch_query_logger<0.193.0>:couch_log:info:41]Query-Volume
---
[couchdb:info,2022-01-13T14:38:35.680Z,couchdb_ns_1@cb.local:couch_query_logger<0.193.0>:couch_log:info:41]Query-Volume
---
[couchdb:info,2022-01-13T14:39:35.681Z,couchdb_ns_1@cb.local:couch_query_logger<0.193.0>:couch_log:info:41]Query-Volume
---
[couchdb:info,2022-01-13T14:40:35.682Z,couchdb_ns_1@cb.local:couch_query_logger<0.193.0>:couch_log:info:41]Query-Volume
---
[couchdb:info,2022-01-13T14:41:35.683Z,couchdb_ns_1@cb.local:couch_query_logger<0.193.0>:couch_log:info:41]Query-Volume
---
[couchdb:info,2022-01-13T14:42:35.684Z,couchdb_ns_1@cb.local:couch_query_logger<0.193.0>:couch_log:info:41]Query-Volume
---
[couchdb:info,2022-01-13T14:43:35.685Z,couchdb_ns_1@cb.local:couch_query_logger<0.193.0>:couch_log:info:41]Query-Volume
---
[couchdb:info,2022-01-13T14:44:35.686Z,couchdb_ns_1@cb.local:couch_query_logger<0.193.0>:couch_log:info:41]Query-Volume
---
[couchdb:info,2022-01-13T14:45:35.687Z,couchdb_ns_1@cb.local:couch_query_logger<0.193.0>:couch_log:info:41]Query-Volume
---
[couchdb:info,2022-01-13T14:46:35.688Z,couchdb_ns_1@cb.local:couch_query_logger<0.193.0>:couch_log:info:41]Query-Volume
---
[couchdb:info,2022-01-13T14:47:35.689Z,couchdb_ns_1@cb.local:couch_query_logger<0.193.0>:couch_log:info:41]Query-Volume
---
[couchdb:info,2022-01-13T14:48:35.690Z,couchdb_ns_1@cb.local:couch_query_logger<0.193.0>:couch_log:info:41]Query-Volume
---
[couchdb:info,2022-01-13T14:49:35.691Z,couchdb_ns_1@cb.local:couch_query_logger<0.193.0>:couch_log:info:41]Query-Volume
---
[couchdb:info,2022-01-13T14:50:35.692Z,couchdb_ns_1@cb.local:couch_query_logger<0.193.0>:couch_log:info:41]Query-Volume
---
[couchdb:info,2022-01-13T14:51:35.693Z,couchdb_ns_1@cb.local:couch_query_logger<0.193.0>:couch_log:info:41]Query-Volume
---
[couchdb:info,2022-01-13T14:52:35.694Z,couchdb_ns_1@cb.local:couch_query_logger<0.193.0>:couch_log:info:41]Query-Volume
---
[couchdb:info,2022-01-13T14:53:35.695Z,couchdb_ns_1@cb.local:couch_query_logger<0.193.0>:couch_log:info:41]Query-Volume
---
[couchdb:info,2022-01-13T14:54:35.696Z,couchdb_ns_1@cb.local:couch_query_logger<0.193.0>:couch_log:info:41]Query-Volume
---
[couchdb:info,2022-01-13T14:55:35.697Z,couchdb_ns_1@cb.local:couch_query_logger<0.193.0>:couch_log:info:41]Query-Volume
---
[couchdb:info,2022-01-13T14:56:35.698Z,couchdb_ns_1@cb.local:couch_query_logger<0.193.0>:couch_log:info:41]Query-Volume
---
[couchdb:info,2022-01-13T14:57:35.699Z,couchdb_ns_1@cb.local:couch_query_logger<0.193.0>:couch_log:info:41]Query-Volume
---
[couchdb:info,2022-01-13T14:58:35.700Z,couchdb_ns_1@cb.local:couch_query_logger<0.193.0>:couch_log:info:41]Query-Volume
---
[couchdb:info,2022-01-13T14:59:35.701Z,couchdb_ns_1@cb.local:couch_query_logger<0.193.0>:couch_log:info:41]Query-Volume
---
[couchdb:info,2022-01-13T15:00:35.702Z,couchdb_ns_1@cb.local:couch_query_logger<0.193.0>:couch_log:info:41]Query-Volume
---
[couchdb:info,2022-01-13T15:01:35.703Z,couchdb_ns_1@cb.local:couch_query_logger<0.193.0>:couch_log:info:41]Query-Volume
---
[couchdb:info,2022-01-13T15:02:35.704Z,couchdb_ns_1@cb.local:couch_query_logger<0.193.0>:couch_log:info:41]Query-Volume
---
[couchdb:info,2022-01-13T15:03:35.705Z,couchdb_ns_1@cb.local:couch_query_logger<0.193.0>:couch_log:info:41]Query-Volume
---
[couchdb:info,2022-01-13T15:04:35.706Z,couchdb_ns_1@cb.local:couch_query_logger<0.193.0>:couch_log:info:41]Query-Volume
---
[couchdb:info,2022-01-13T15:05:35.707Z,couchdb_ns_1@cb.local:couch_query_logger<0.193.0>:couch_log:info:41]Query-Volume
---
[couchdb:info,2022-01-13T15:06:35.708Z,couchdb_ns_1@cb.local:couch_query_logger<0.193.0>:couch_log:info:41]Query-Volume
---
[couchdb:info,2022-01-13T15:07:35.709Z,couchdb_ns_1@cb.local:couch_query_logger<0.193.0>:couch_log:info:41]Query-Volume
---
[couchdb:info,2022-01-13T15:08:35.710Z,couchdb_ns_1@cb.local:couch_query_logger<0.193.0>:couch_log:info:41]Query-Volume
---
[couchdb:info,2022-01-13T15:09:35.711Z,couchdb_ns_1@cb.local:couch_query_logger<0.193.0>:couch_log:info:41]Query-Volume
---
[couchdb:info,2022-01-13T15:10:35.712Z,couchdb_ns_1@cb.local:couch_query_logger<0.193.0>:couch_log:info:41]Query-Volume
---
[couchdb:info,2022-01-13T15:11:35.713Z,couchdb_ns_1@cb.local:couch_query_logger<0.193.0>:couch_log:info:41]Query-Volume
---
[couchdb:info,2022-01-13T15:12:35.714Z,couchdb_ns_1@cb.local:couch_query_logger<0.193.0>:couch_log:info:41]Query-Volume
---
[couchdb:info,2022-01-13T15:13:35.715Z,couchdb_ns_1@cb.local:couch_query_logger<0.193.0>:couch_log:info:41]Query-Volume
---
[couchdb:info,2022-01-13T15:14:35.716Z,couchdb_ns_1@cb.local:couch_query_logger<0.193.0>:couch_log:info:41]Query-Volume
---
[couchdb:info,2022-01-13T15:15:35.717Z,couchdb_ns_1@cb.local:couch_query_logger<0.193.0>:couch_log:info:41]Query-Volume
---
[couchdb:info,2022-01-13T15:16:35.718Z,couchdb_ns_1@cb.local:couch_query_logger<0.193.0>:couch_log:info:41]Query-Volume
---
[couchdb:info,2022-01-13T15:17:35.719Z,couchdb_ns_1@cb.local:couch_query_logger<0.193.0>:couch_log:info:41]Query-Volume
---
[couchdb:info,2022-01-13T15:18:35.720Z,couchdb_ns_1@cb.local:couch_query_logger<0.193.0>:couch_log:info:41]Query-Volume
---
[couchdb:info,2022-01-13T15:19:35.721Z,couchdb_ns_1@cb.local:couch_query_logger<0.193.0>:couch_log:info:41]Query-Volume
---
[couchdb:info,2022-01-13T15:20:35.722Z,couchdb_ns_1@cb.local:couch_query_logger<0.193.0>:couch_log:info:41]Query-Volume
---
[couchdb:info,2022-01-13T15:21:35.723Z,couchdb_ns_1@cb.local:couch_query_logger<0.193.0>:couch_log:info:41]Query-Volume
---
[couchdb:info,2022-01-13T15:22:35.724Z,couchdb_ns_1@cb.local:couch_query_logger<0.193.0>:couch_log:info:41]Query-Volume
---
[couchdb:info,2022-01-13T15:23:35.725Z,couchdb_ns_1@cb.local:couch_query_logger<0.193.0>:couch_log:info:41]Query-Volume
---
[couchdb:info,2022-01-13T15:24:35.726Z,couchdb_ns_1@cb.local:couch_query_logger<0.193.0>:couch_log:info:41]Query-Volume
---
[couchdb:info,2022-01-13T15:25:35.727Z,couchdb_ns_1@cb.local:couch_query_logger<0.193.0>:couch_log:info:41]Query-Volume
---
[couchdb:info,2022-01-13T15:26:35.728Z,couchdb_ns_1@cb.local:couch_query_logger<0.193.0>:couch_log:info:41]Query-Volume
---
[couchdb:info,2022-01-13T15:27:35.729Z,couchdb_ns_1@cb.local:couch_query_logger<0.193.0>:couch_log:info:41]Query-Volume
---
[couchdb:info,2022-01-13T15:28:35.730Z,couchdb_ns_1@cb.local:couch_query_logger<0.193.0>:couch_log:info:41]Query-Volume
---
[couchdb:info,2022-01-13T15:29:35.731Z,couchdb_ns_1@cb.local:couch_query_logger<0.193.0>:couch_log:info:41]Query-Volume
---
[couchdb:info,2022-01-13T15:30:35.732Z,couchdb_ns_1@cb.local:couch_query_logger<0.193.0>:couch_log:info:41]Query-Volume
---
[couchdb:info,2022-01-13T15:31:35.733Z,couchdb_ns_1@cb.local:couch_query_logger<0.193.0>:couch_log:info:41]Query-Volume
---
[couchdb:info,2022-01-13T15:32:35.734Z,couchdb_ns_1@cb.local:couch_query_logger<0.193.0>:couch_log:info:41]Query-Volume
---
[couchdb:info,2022-01-13T15:33:35.735Z,couchdb_ns_1@cb.local:couch_query_logger<0.193.0>:couch_log:info:41]Query-Volume
---
[couchdb:info,2022-01-13T15:34:35.736Z,couchdb_ns_1@cb.local:couch_query_logger<0.193.0>:couch_log:info:41]Query-Volume
---
[couchdb:info,2022-01-13T15:35:35.737Z,couchdb_ns_1@cb.local:couch_query_logger<0.193.0>:couch_log:info:41]Query-Volume
---
[couchdb:info,2022-01-13T15:36:35.738Z,couchdb_ns_1@cb.local:couch_query_logger<0.193.0>:couch_log:info:41]Query-Volume
---
[couchdb:info,2022-01-13T15:37:35.739Z,couchdb_ns_1@cb.local:couch_query_logger<0.193.0>:couch_log:info:41]Query-Volume
---
[couchdb:info,2022-01-13T15:38:35.740Z,couchdb_ns_1@cb.local:couch_query_logger<0.193.0>:couch_log:info:41]Query-Volume
---
[couchdb:info,2022-01-13T15:39:35.741Z,couchdb_ns_1@cb.local:couch_query_logger<0.193.0>:couch_log:info:41]Query-Volume
---
[couchdb:info,2022-01-13T15:40:35.742Z,couchdb_ns_1@cb.local:couch_query_logger<0.193.0>:couch_log:info:41]Query-Volume
---
[couchdb:info,2022-01-13T15:41:35.743Z,couchdb_ns_1@cb.local:couch_query_logger<0.193.0>:couch_log:info:41]Query-Volume
---
[couchdb:info,2022-01-13T15:42:35.744Z,couchdb_ns_1@cb.local:couch_query_logger<0.193.0>:couch_log:info:41]Query-Volume
---
[couchdb:info,2022-01-13T15:43:35.745Z,couchdb_ns_1@cb.local:couch_query_logger<0.193.0>:couch_log:info:41]Query-Volume
---
[couchdb:info,2022-01-13T15:44:35.746Z,couchdb_ns_1@cb.local:couch_query_logger<0.193.0>:couch_log:info:41]Query-Volume
---
[couchdb:info,2022-01-13T15:45:35.747Z,couchdb_ns_1@cb.local:couch_query_logger<0.193.0>:couch_log:info:41]Query-Volume
---
[couchdb:info,2022-01-13T15:46:35.748Z,couchdb_ns_1@cb.local:couch_query_logger<0.193.0>:couch_log:info:41]Query-Volume
---
[couchdb:info,2022-01-13T15:47:35.749Z,couchdb_ns_1@cb.local:couch_query_logger<0.193.0>:couch_log:info:41]Query-Volume
---
[couchdb:info,2022-01-13T15:48:35.750Z,couchdb_ns_1@cb.local:couch_query_logger<0.193.0>:couch_log:info:41]Query-Volume
---
[couchdb:info,2022-01-13T15:49:35.751Z,couchdb_ns_1@cb.local:couch_query_logger<0.193.0>:couch_log:info:41]Query-Volume
---
[couchdb:info,2022-01-13T15:50:35.752Z,couchdb_ns_1@cb.local:couch_query_logger<0.193.0>:couch_log:info:41]Query-Volume
---
[couchdb:info,2022-01-13T15:51:35.753Z,couchdb_ns_1@cb.local:couch_query_logger<0.193.0>:couch_log:info:41]Query-Volume
---
[couchdb:info,2022-01-13T15:52:35.754Z,couchdb_ns_1@cb.local:couch_query_logger<0.193.0>:couch_log:info:41]Query-Volume
---
[couchdb:info,2022-01-13T15:53:35.755Z,couchdb_ns_1@cb.local:couch_query_logger<0.193.0>:couch_log:info:41]Query-Volume
---
[couchdb:info,2022-01-13T15:54:35.756Z,couchdb_ns_1@cb.local:couch_query_logger<0.193.0>:couch_log:info:41]Query-Volume
---
[couchdb:info,2022-01-13T15:55:35.757Z,couchdb_ns_1@cb.local:couch_query_logger<0.193.0>:couch_log:info:41]Query-Volume
---
[couchdb:info,2022-01-13T15:56:35.758Z,couchdb_ns_1@cb.local:couch_query_logger<0.193.0>:couch_log:info:41]Query-Volume
---
[couchdb:info,2022-01-13T15:57:35.759Z,couchdb_ns_1@cb.local:couch_query_logger<0.193.0>:couch_log:info:41]Query-Volume
---
[couchdb:info,2022-01-13T15:58:35.760Z,couchdb_ns_1@cb.local:couch_query_logger<0.193.0>:couch_log:info:41]Query-Volume
---
[couchdb:info,2022-01-13T15:59:35.761Z,couchdb_ns_1@cb.local:couch_query_logger<0.193.0>:couch_log:info:41]Query-Volume
---
[couchdb:info,2022-01-13T16:00:35.762Z,couchdb_ns_1@cb.local:couch_query_logger<0.193.0>:couch_log:info:41]Query-Volume
---
[couchdb:info,2022-01-13T16:01:35.763Z,couchdb_ns_1@cb.local:couch_query_logger<0.193.0>:couch_log:info:41]Query-Volume
---
[couchdb:info,2022-01-13T16:02:35.764Z,couchdb_ns_1@cb.local:couch_query_logger<0.193.0>:couch_log:info:41]Query-Volume
---
[couchdb:info,2022-01-13T16:03:35.765Z,couchdb_ns_1@cb.local:couch_query_logger<0.193.0>:couch_log:info:41]Query-Volume
---
[couchdb:info,2022-01-13T16:04:35.766Z,couchdb_ns_1@cb.local:couch_query_logger<0.193.0>:couch_log:info:41]Query-Volume
---
[couchdb:info,2022-01-13T16:05:35.767Z,couchdb_ns_1@cb.local:couch_query_logger<0.193.0>:couch_log:info:41]Query-Volume
---
[couchdb:info,2022-01-13T16:06:35.768Z,couchdb_ns_1@cb.local:couch_query_logger<0.193.0>:couch_log:info:41]Query-Volume
---
[couchdb:info,2022-01-13T16:07:35.769Z,couchdb_ns_1@cb.local:couch_query_logger<0.193.0>:couch_log:info:41]Query-Volume
---
[couchdb:info,2022-01-13T16:08:35.770Z,couchdb_ns_1@cb.local:couch_query_logger<0.193.0>:couch_log:info:41]Query-Volume
---
[couchdb:info,2022-01-13T16:09:35.771Z,couchdb_ns_1@cb.local:couch_query_logger<0.193.0>:couch_log:info:41]Query-Volume
---
[couchdb:info,2022-01-13T16:10:35.772Z,couchdb_ns_1@cb.local:couch_query_logger<0.193.0>:couch_log:info:41]Query-Volume
---
[couchdb:info,2022-01-13T16:11:35.773Z,couchdb_ns_1@cb.local:couch_query_logger<0.193.0>:couch_log:info:41]Query-Volume
---
[couchdb:info,2022-01-13T16:12:35.774Z,couchdb_ns_1@cb.local:couch_query_logger<0.193.0>:couch_log:info:41]Query-Volume
---
[couchdb:info,2022-01-13T16:13:35.775Z,couchdb_ns_1@cb.local:couch_query_logger<0.193.0>:couch_log:info:41]Query-Volume
---
[couchdb:info,2022-01-13T16:14:35.776Z,couchdb_ns_1@cb.local:couch_query_logger<0.193.0>:couch_log:info:41]Query-Volume
---
[couchdb:info,2022-01-13T16:15:35.777Z,couchdb_ns_1@cb.local:couch_query_logger<0.193.0>:couch_log:info:41]Query-Volume
---
[couchdb:info,2022-01-13T16:16:35.778Z,couchdb_ns_1@cb.local:couch_query_logger<0.193.0>:couch_log:info:41]Query-Volume
---
[couchdb:info,2022-01-13T16:17:35.779Z,couchdb_ns_1@cb.local:couch_query_logger<0.193.0>:couch_log:info:41]Query-Volume
---
[couchdb:info,2022-01-13T16:18:35.780Z,couchdb_ns_1@cb.local:couch_query_logger<0.193.0>:couch_log:info:41]Query-Volume
---
[couchdb:info,2022-01-13T16:19:35.781Z,couchdb_ns_1@cb.local:couch_query_logger<0.193.0>:couch_log:info:41]Query-Volume
---
[couchdb:info,2022-01-13T16:20:35.782Z,couchdb_ns_1@cb.local:couch_query_logger<0.193.0>:couch_log:info:41]Query-Volume
---
[couchdb:info,2022-01-13T16:21:35.783Z,couchdb_ns_1@cb.local:couch_query_logger<0.193.0>:couch_log:info:41]Query-Volume
---
[couchdb:info,2022-01-13T16:22:35.784Z,couchdb_ns_1@cb.local:couch_query_logger<0.193.0>:couch_log:info:41]Query-Volume
---
[couchdb:info,2022-01-13T16:23:35.785Z,couchdb_ns_1@cb.local:couch_query_logger<0.193.0>:couch_log:info:41]Query-Volume
---
[couchdb:info,2022-01-13T16:24:35.786Z,couchdb_ns_1@cb.local:couch_query_logger<0.193.0>:couch_log:info:41]Query-Volume
---
[couchdb:info,2022-01-13T16:25:35.787Z,couchdb_ns_1@cb.local:couch_query_logger<0.193.0>:couch_log:info:41]Query-Volume
---
[couchdb:info,2022-01-13T16:26:35.788Z,couchdb_ns_1@cb.local:couch_query_logger<0.193.0>:couch_log:info:41]Query-Volume
---
[couchdb:info,2022-01-13T16:27:35.789Z,couchdb_ns_1@cb.local:couch_query_logger<0.193.0>:couch_log:info:41]Query-Volume
---
[couchdb:info,2022-01-13T16:28:35.790Z,couchdb_ns_1@cb.local:couch_query_logger<0.193.0>:couch_log:info:41]Query-Volume
---
[couchdb:info,2022-01-13T16:29:35.791Z,couchdb_ns_1@cb.local:couch_query_logger<0.193.0>:couch_log:info:41]Query-Volume
---
[couchdb:info,2022-01-13T16:30:35.792Z,couchdb_ns_1@cb.local:couch_query_logger<0.193.0>:couch_log:info:41]Query-Volume
---
[couchdb:info,2022-01-13T16:31:35.793Z,couchdb_ns_1@cb.local:couch_query_logger<0.193.0>:couch_log:info:41]Query-Volume
---
[couchdb:info,2022-01-13T16:32:35.794Z,couchdb_ns_1@cb.local:couch_query_logger<0.193.0>:couch_log:info:41]Query-Volume
---
[couchdb:info,2022-01-13T16:33:35.795Z,couchdb_ns_1@cb.local:couch_query_logger<0.193.0>:couch_log:info:41]Query-Volume
---
[couchdb:info,2022-01-13T16:34:35.796Z,couchdb_ns_1@cb.local:couch_query_logger<0.193.0>:couch_log:info:41]Query-Volume
---
[couchdb:info,2022-01-13T16:35:35.797Z,couchdb_ns_1@cb.local:couch_query_logger<0.193.0>:couch_log:info:41]Query-Volume
---
[couchdb:info,2022-01-13T16:36:35.798Z,couchdb_ns_1@cb.local:couch_query_logger<0.193.0>:couch_log:info:41]Query-Volume
---
[couchdb:info,2022-01-13T16:37:35.799Z,couchdb_ns_1@cb.local:couch_query_logger<0.193.0>:couch_log:info:41]Query-Volume
---
[couchdb:info,2022-01-13T16:38:35.800Z,couchdb_ns_1@cb.local:couch_query_logger<0.193.0>:couch_log:info:41]Query-Volume
---
[couchdb:info,2022-01-13T16:39:35.801Z,couchdb_ns_1@cb.local:couch_query_logger<0.193.0>:couch_log:info:41]Query-Volume
---
[couchdb:info,2022-01-13T16:40:35.802Z,couchdb_ns_1@cb.local:couch_query_logger<0.193.0>:couch_log:info:41]Query-Volume
---
[couchdb:info,2022-01-13T16:41:35.803Z,couchdb_ns_1@cb.local:couch_query_logger<0.193.0>:couch_log:info:41]Query-Volume
---
[couchdb:info,2022-01-13T16:42:35.804Z,couchdb_ns_1@cb.local:couch_query_logger<0.193.0>:couch_log:info:41]Query-Volume
---
[couchdb:info,2022-01-13T16:43:35.805Z,couchdb_ns_1@cb.local:couch_query_logger<0.193.0>:couch_log:info:41]Query-Volume
---
[couchdb:info,2022-01-13T16:44:35.806Z,couchdb_ns_1@cb.local:couch_query_logger<0.193.0>:couch_log:info:41]Query-Volume
---
[couchdb:info,2022-01-13T16:45:35.807Z,couchdb_ns_1@cb.local:couch_query_logger<0.193.0>:couch_log:info:41]Query-Volume
---
[couchdb:info,2022-01-13T16:46:35.808Z,couchdb_ns_1@cb.local:couch_query_logger<0.193.0>:couch_log:info:41]Query-Volume
---
[couchdb:info,2022-01-13T16:47:35.809Z,couchdb_ns_1@cb.local:couch_query_logger<0.193.0>:couch_log:info:41]Query-Volume
---
[couchdb:info,2022-01-13T16:48:35.810Z,couchdb_ns_1@cb.local:couch_query_logger<0.193.0>:couch_log:info:41]Query-Volume
---
[couchdb:info,2022-01-13T16:49:35.811Z,couchdb_ns_1@cb.local:couch_query_logger<0.193.0>:couch_log:info:41]Query-Volume
---
[couchdb:info,2022-01-13T16:50:35.812Z,couchdb_ns_1@cb.local:couch_query_logger<0.193.0>:couch_log:info:41]Query-Volume
---
[couchdb:info,2022-01-13T16:51:35.813Z,couchdb_ns_1@cb.local:couch_query_logger<0.193.0>:couch_log:info:41]Query-Volume
---
[couchdb:info,2022-01-13T16:52:35.814Z,couchdb_ns_1@cb.local:couch_query_logger<0.193.0>:couch_log:info:41]Query-Volume
---
[couchdb:info,2022-01-13T17:02:30.405Z,couchdb_ns_1@cb.local:cb_couch_sup<0.146.0>:couch_log:info:41]Apache CouchDB has started on http://0.0.0.0:8092/
[couchdb:info,2022-01-13T17:03:26.770Z,couchdb_ns_1@cb.local:<0.608.0>:couch_log:info:41]Deleting couch file "/opt/couchbase/var/lib/couchbase/data/travel-sample/master.couch.1.compact" with renaming it to "/opt/couchbase/var/lib/couchbase/data/.delete/da5116d76d2fb8529c17c30f84e4a7ea"
[couchdb:info,2022-01-13T17:03:26.776Z,couchdb_ns_1@cb.local:<0.608.0>:couch_log:info:41]Deleting couch file "/opt/couchbase/var/lib/couchbase/data/travel-sample/master.couch.1.compact" with renaming it to "/opt/couchbase/var/lib/couchbase/data/.delete/b93b56b4950d0746ba3c1373bddf551d"
[couchdb:info,2022-01-13T17:03:26.783Z,couchdb_ns_1@cb.local:couch_view<0.242.0>:couch_log:info:41]Deleting couch file "/opt/couchbase/var/lib/couchbase/data/.travel-sample/master_temp" with renaming it to "/opt/couchbase/var/lib/couchbase/data/.delete/82769326ec4a289b9a2b4534f10e8d55"
[couchdb:info,2022-01-13T17:03:26.792Z,couchdb_ns_1@cb.local:couch_view<0.242.0>:couch_log:info:41]Deleting couch file "/opt/couchbase/var/lib/couchbase/data/.travel-sample/master_temp" with renaming it to "/opt/couchbase/var/lib/couchbase/data/.delete/b0276d8a4df97b541cf1d47e4f57baf2"
[couchdb:info,2022-01-13T17:03:30.165Z,couchdb_ns_1@cb.local:couch_query_logger<0.195.0>:couch_log:info:41]Query-Volume
---
[couchdb:info,2022-01-13T17:04:30.180Z,couchdb_ns_1@cb.local:couch_query_logger<0.195.0>:couch_log:info:41]Query-Volume
---
[couchdb:info,2022-01-13T17:05:30.181Z,couchdb_ns_1@cb.local:couch_query_logger<0.195.0>:couch_log:info:41]Query-Volume
---
[couchdb:info,2022-01-13T17:06:30.182Z,couchdb_ns_1@cb.local:couch_query_logger<0.195.0>:couch_log:info:41]Query-Volume
---
[couchdb:info,2022-01-13T17:07:30.183Z,couchdb_ns_1@cb.local:couch_query_logger<0.195.0>:couch_log:info:41]Query-Volume
---
[couchdb:info,2022-01-13T17:08:30.184Z,couchdb_ns_1@cb.local:couch_query_logger<0.195.0>:couch_log:info:41]Query-Volume
---
[couchdb:info,2022-01-13T17:11:57.765Z,couchdb_ns_1@cb.local:cb_couch_sup<0.144.0>:couch_log:info:41]Apache CouchDB has started on http://0.0.0.0:8092/
[couchdb:info,2022-01-13T17:12:57.500Z,couchdb_ns_1@cb.local:couch_query_logger<0.193.0>:couch_log:info:41]Query-Volume
---
[couchdb:info,2022-01-13T17:13:57.501Z,couchdb_ns_1@cb.local:couch_query_logger<0.193.0>:couch_log:info:41]Query-Volume
---
[couchdb:info,2022-01-13T17:14:57.502Z,couchdb_ns_1@cb.local:couch_query_logger<0.193.0>:couch_log:info:41]Query-Volume
---
[couchdb:info,2022-01-13T17:15:57.503Z,couchdb_ns_1@cb.local:couch_query_logger<0.193.0>:couch_log:info:41]Query-Volume
---
[couchdb:info,2022-01-13T17:16:57.504Z,couchdb_ns_1@cb.local:couch_query_logger<0.193.0>:couch_log:info:41]Query-Volume
---
[couchdb:info,2022-01-13T17:17:57.505Z,couchdb_ns_1@cb.local:couch_query_logger<0.193.0>:couch_log:info:41]Query-Volume
---
[couchdb:info,2022-01-13T17:18:57.506Z,couchdb_ns_1@cb.local:couch_query_logger<0.193.0>:couch_log:info:41]Query-Volume
---
[couchdb:info,2022-01-13T17:19:57.507Z,couchdb_ns_1@cb.local:couch_query_logger<0.193.0>:couch_log:info:41]Query-Volume
---
[couchdb:info,2022-01-13T17:20:57.508Z,couchdb_ns_1@cb.local:couch_query_logger<0.193.0>:couch_log:info:41]Query-Volume
---
[couchdb:info,2022-01-13T17:21:57.509Z,couchdb_ns_1@cb.local:couch_query_logger<0.193.0>:couch_log:info:41]Query-Volume
---
[couchdb:info,2022-01-13T17:22:57.510Z,couchdb_ns_1@cb.local:couch_query_logger<0.193.0>:couch_log:info:41]Query-Volume
---
[couchdb:info,2022-01-13T17:23:57.511Z,couchdb_ns_1@cb.local:couch_query_logger<0.193.0>:couch_log:info:41]Query-Volume
---
[couchdb:info,2022-01-13T17:24:57.512Z,couchdb_ns_1@cb.local:couch_query_logger<0.193.0>:couch_log:info:41]Query-Volume
---
[couchdb:info,2022-01-13T17:25:57.513Z,couchdb_ns_1@cb.local:couch_query_logger<0.193.0>:couch_log:info:41]Query-Volume
---
[couchdb:info,2022-01-13T17:26:57.514Z,couchdb_ns_1@cb.local:couch_query_logger<0.193.0>:couch_log:info:41]Query-Volume
---
[couchdb:info,2022-01-13T17:27:57.515Z,couchdb_ns_1@cb.local:couch_query_logger<0.193.0>:couch_log:info:41]Query-Volume
---
[couchdb:info,2022-01-13T17:28:57.516Z,couchdb_ns_1@cb.local:couch_query_logger<0.193.0>:couch_log:info:41]Query-Volume
---
[couchdb:info,2022-01-13T17:29:57.517Z,couchdb_ns_1@cb.local:couch_query_logger<0.193.0>:couch_log:info:41]Query-Volume
---
[couchdb:info,2022-01-13T17:30:57.518Z,couchdb_ns_1@cb.local:couch_query_logger<0.193.0>:couch_log:info:41]Query-Volume
---
[couchdb:info,2022-01-13T17:31:57.519Z,couchdb_ns_1@cb.local:couch_query_logger<0.193.0>:couch_log:info:41]Query-Volume
---
[couchdb:info,2022-01-13T17:32:57.520Z,couchdb_ns_1@cb.local:couch_query_logger<0.193.0>:couch_log:info:41]Query-Volume
---
[couchdb:info,2022-01-13T17:33:57.521Z,couchdb_ns_1@cb.local:couch_query_logger<0.193.0>:couch_log:info:41]Query-Volume
---
[couchdb:info,2022-01-13T17:38:00.121Z,couchdb_ns_1@cb.local:cb_couch_sup<0.145.0>:couch_log:info:41]Apache CouchDB has started on http://0.0.0.0:8092/
[couchdb:info,2022-01-13T17:38:59.821Z,couchdb_ns_1@cb.local:couch_query_logger<0.199.0>:couch_log:info:41]Query-Volume
---
[couchdb:info,2022-01-13T17:39:59.821Z,couchdb_ns_1@cb.local:couch_query_logger<0.199.0>:couch_log:info:41]Query-Volume
---
[couchdb:info,2022-01-13T17:40:59.822Z,couchdb_ns_1@cb.local:couch_query_logger<0.199.0>:couch_log:info:41]Query-Volume
---
[couchdb:info,2022-01-13T17:41:59.823Z,couchdb_ns_1@cb.local:couch_query_logger<0.199.0>:couch_log:info:41]Query-Volume
---
[couchdb:info,2022-01-13T17:42:59.824Z,couchdb_ns_1@cb.local:couch_query_logger<0.199.0>:couch_log:info:41]Query-Volume
---
[couchdb:info,2022-01-13T17:43:59.825Z,couchdb_ns_1@cb.local:couch_query_logger<0.199.0>:couch_log:info:41]Query-Volume
---
[couchdb:info,2022-01-13T17:44:59.826Z,couchdb_ns_1@cb.local:couch_query_logger<0.199.0>:couch_log:info:41]Query-Volume
---
[couchdb:info,2022-01-13T17:45:59.827Z,couchdb_ns_1@cb.local:couch_query_logger<0.199.0>:couch_log:info:41]Query-Volume
---
[couchdb:info,2022-01-13T17:48:39.479Z,couchdb_ns_1@cb.local:cb_couch_sup<0.143.0>:couch_log:info:41]Apache CouchDB has started on http://0.0.0.0:8092/
[couchdb:info,2022-01-13T17:49:39.181Z,couchdb_ns_1@cb.local:couch_query_logger<0.197.0>:couch_log:info:41]Query-Volume
---
[couchdb:info,2022-01-13T17:50:39.182Z,couchdb_ns_1@cb.local:couch_query_logger<0.197.0>:couch_log:info:41]Query-Volume
---
[couchdb:info,2022-01-13T17:51:39.183Z,couchdb_ns_1@cb.local:couch_query_logger<0.197.0>:couch_log:info:41]Query-Volume
---
[couchdb:info,2022-01-13T17:52:39.184Z,couchdb_ns_1@cb.local:couch_query_logger<0.197.0>:couch_log:info:41]Query-Volume
---
[couchdb:info,2022-01-13T17:53:39.185Z,couchdb_ns_1@cb.local:couch_query_logger<0.197.0>:couch_log:info:41]Query-Volume
---
[couchdb:info,2022-01-13T17:54:39.186Z,couchdb_ns_1@cb.local:couch_query_logger<0.197.0>:couch_log:info:41]Query-Volume
---
